<?xml version="1.0" encoding="UTF-8"?>
<!-- Generated by org.testng.reporters.JUnitReportReporter -->
<testsuite hostname="PNARAH-M-L0BN" name="test.docker.test.Provisioning" tests="1" failures="0" timestamp="27 Jun 2019 11:24:14 GMT" time="4.466" errors="0">
  <testcase name="login" time="4.466" classname="test.docker.test.Provisioning"/>
</testsuite> <!-- test.docker.test.Provisioning -->
